102.02.18 13:46 B C:\WINDOWS\Desktop\confidential\smacna\test.swf --> www.learningtouch.com /home/learningtouch/learningtouch.com/htdocs/lt/custom_courses/smacna test.swf
102.02.18 13:46 B C:\WINDOWS\Desktop\confidential\smacna\template_QUIZ2.swf --> www.learningtouch.com /home/learningtouch/learningtouch.com/htdocs/lt/custom_courses/smacna template_QUIZ2.swf
102.02.18 13:46 B C:\WINDOWS\Desktop\confidential\smacna\template_QUIZ.swf --> www.learningtouch.com /home/learningtouch/learningtouch.com/htdocs/lt/custom_courses/smacna template_QUIZ.swf
102.02.18 13:46 B C:\WINDOWS\Desktop\confidential\smacna\template_mask.swf --> www.learningtouch.com /home/learningtouch/learningtouch.com/htdocs/lt/custom_courses/smacna template_mask.swf
102.02.18 13:46 B C:\WINDOWS\Desktop\confidential\smacna\template_D.swf --> www.learningtouch.com /home/learningtouch/learningtouch.com/htdocs/lt/custom_courses/smacna template_D.swf
102.02.18 13:46 B C:\WINDOWS\Desktop\confidential\smacna\template_C.swf --> www.learningtouch.com /home/learningtouch/learningtouch.com/htdocs/lt/custom_courses/smacna template_C.swf
102.02.18 13:46 B C:\WINDOWS\Desktop\confidential\smacna\template_B.swf --> www.learningtouch.com /home/learningtouch/learningtouch.com/htdocs/lt/custom_courses/smacna template_B.swf
102.02.18 13:46 B C:\WINDOWS\Desktop\confidential\smacna\template_A.swf --> www.learningtouch.com /home/learningtouch/learningtouch.com/htdocs/lt/custom_courses/smacna template_A.swf
102.02.18 13:47 B C:\WINDOWS\Desktop\confidential\smacna\template.swf --> www.learningtouch.com /home/learningtouch/learningtouch.com/htdocs/lt/custom_courses/smacna template.swf
102.02.18 13:47 B C:\WINDOWS\Desktop\confidential\smacna\template.html --> www.learningtouch.com /home/learningtouch/learningtouch.com/htdocs/lt/custom_courses/smacna template.html
102.02.18 13:47 B C:\WINDOWS\Desktop\confidential\smacna\splash.swf --> www.learningtouch.com /home/learningtouch/learningtouch.com/htdocs/lt/custom_courses/smacna splash.swf
102.02.18 13:47 B C:\WINDOWS\Desktop\confidential\smacna\sound_4_9.swf --> www.learningtouch.com /home/learningtouch/learningtouch.com/htdocs/lt/custom_courses/smacna sound_4_9.swf
102.02.18 13:47 B C:\WINDOWS\Desktop\confidential\smacna\sound_4_8.swf --> www.learningtouch.com /home/learningtouch/learningtouch.com/htdocs/lt/custom_courses/smacna sound_4_8.swf
102.02.18 13:48 B C:\WINDOWS\Desktop\confidential\smacna\sound_4_7.swf --> www.learningtouch.com /home/learningtouch/learningtouch.com/htdocs/lt/custom_courses/smacna sound_4_7.swf
102.02.18 13:48 B C:\WINDOWS\Desktop\confidential\smacna\sound_4_6.swf --> www.learningtouch.com /home/learningtouch/learningtouch.com/htdocs/lt/custom_courses/smacna sound_4_6.swf
102.02.18 13:48 B C:\WINDOWS\Desktop\confidential\smacna\sound_4_5.swf --> www.learningtouch.com /home/learningtouch/learningtouch.com/htdocs/lt/custom_courses/smacna sound_4_5.swf
102.02.18 13:48 B C:\WINDOWS\Desktop\confidential\smacna\sound_4_4.swf --> www.learningtouch.com /home/learningtouch/learningtouch.com/htdocs/lt/custom_courses/smacna sound_4_4.swf
102.02.18 13:48 B C:\WINDOWS\Desktop\confidential\smacna\sound_4_3.swf --> www.learningtouch.com /home/learningtouch/learningtouch.com/htdocs/lt/custom_courses/smacna sound_4_3.swf
102.02.18 13:49 B C:\WINDOWS\Desktop\confidential\smacna\sound_4_2.swf --> www.learningtouch.com /home/learningtouch/learningtouch.com/htdocs/lt/custom_courses/smacna sound_4_2.swf
102.02.18 13:49 B C:\WINDOWS\Desktop\confidential\smacna\sound_4_16.swf --> www.learningtouch.com /home/learningtouch/learningtouch.com/htdocs/lt/custom_courses/smacna sound_4_16.swf
102.02.18 13:49 B C:\WINDOWS\Desktop\confidential\smacna\sound_4_15.swf --> www.learningtouch.com /home/learningtouch/learningtouch.com/htdocs/lt/custom_courses/smacna sound_4_15.swf
102.02.18 13:50 B C:\WINDOWS\Desktop\confidential\smacna\sound_4_14.swf --> www.learningtouch.com /home/learningtouch/learningtouch.com/htdocs/lt/custom_courses/smacna sound_4_14.swf
102.02.18 13:50 B C:\WINDOWS\Desktop\confidential\smacna\sound_4_13.swf --> www.learningtouch.com /home/learningtouch/learningtouch.com/htdocs/lt/custom_courses/smacna sound_4_13.swf
102.02.18 13:50 B C:\WINDOWS\Desktop\confidential\smacna\sound_4_12b.swf --> www.learningtouch.com /home/learningtouch/learningtouch.com/htdocs/lt/custom_courses/smacna sound_4_12b.swf
102.02.18 13:51 B C:\WINDOWS\Desktop\confidential\smacna\sound_4_12a.swf --> www.learningtouch.com /home/learningtouch/learningtouch.com/htdocs/lt/custom_courses/smacna sound_4_12a.swf
102.02.18 13:51 B C:\WINDOWS\Desktop\confidential\smacna\sound_4_12.swf --> www.learningtouch.com /home/learningtouch/learningtouch.com/htdocs/lt/custom_courses/smacna sound_4_12.swf
102.02.18 13:52 B C:\WINDOWS\Desktop\confidential\smacna\sound_4_11.swf --> www.learningtouch.com /home/learningtouch/learningtouch.com/htdocs/lt/custom_courses/smacna sound_4_11.swf
102.02.18 13:52 B C:\WINDOWS\Desktop\confidential\smacna\sound_4_10.swf --> www.learningtouch.com /home/learningtouch/learningtouch.com/htdocs/lt/custom_courses/smacna sound_4_10.swf
102.02.18 13:52 B C:\WINDOWS\Desktop\confidential\smacna\sound_4_1.swf --> www.learningtouch.com /home/learningtouch/learningtouch.com/htdocs/lt/custom_courses/smacna sound_4_1.swf
102.02.18 13:52 B C:\WINDOWS\Desktop\confidential\smacna\sound_3_9.swf --> www.learningtouch.com /home/learningtouch/learningtouch.com/htdocs/lt/custom_courses/smacna sound_3_9.swf
102.02.18 13:53 B C:\WINDOWS\Desktop\confidential\smacna\sound_3_8.swf --> www.learningtouch.com /home/learningtouch/learningtouch.com/htdocs/lt/custom_courses/smacna sound_3_8.swf
102.02.18 13:53 B C:\WINDOWS\Desktop\confidential\smacna\sound_3_7.swf --> www.learningtouch.com /home/learningtouch/learningtouch.com/htdocs/lt/custom_courses/smacna sound_3_7.swf
102.02.18 13:54 B C:\WINDOWS\Desktop\confidential\smacna\sound_3_6.swf --> www.learningtouch.com /home/learningtouch/learningtouch.com/htdocs/lt/custom_courses/smacna sound_3_6.swf
102.02.18 13:54 B C:\WINDOWS\Desktop\confidential\smacna\sound_3_5.swf --> www.learningtouch.com /home/learningtouch/learningtouch.com/htdocs/lt/custom_courses/smacna sound_3_5.swf
102.02.18 13:55 B C:\WINDOWS\Desktop\confidential\smacna\sound_3_4.swf --> www.learningtouch.com /home/learningtouch/learningtouch.com/htdocs/lt/custom_courses/smacna sound_3_4.swf
102.02.18 13:55 B C:\WINDOWS\Desktop\confidential\smacna\sound_3_3.swf --> www.learningtouch.com /home/learningtouch/learningtouch.com/htdocs/lt/custom_courses/smacna sound_3_3.swf
102.02.18 13:55 B C:\WINDOWS\Desktop\confidential\smacna\sound_3_2.swf --> www.learningtouch.com /home/learningtouch/learningtouch.com/htdocs/lt/custom_courses/smacna sound_3_2.swf
102.02.18 13:55 B C:\WINDOWS\Desktop\confidential\smacna\sound_3_1.swf --> www.learningtouch.com /home/learningtouch/learningtouch.com/htdocs/lt/custom_courses/smacna sound_3_1.swf
102.02.18 13:56 B C:\WINDOWS\Desktop\confidential\smacna\sound_2_9.swf --> www.learningtouch.com /home/learningtouch/learningtouch.com/htdocs/lt/custom_courses/smacna sound_2_9.swf
102.02.18 13:56 B C:\WINDOWS\Desktop\confidential\smacna\sound_2_8.swf --> www.learningtouch.com /home/learningtouch/learningtouch.com/htdocs/lt/custom_courses/smacna sound_2_8.swf
102.02.18 13:56 B C:\WINDOWS\Desktop\confidential\smacna\sound_2_7.swf --> www.learningtouch.com /home/learningtouch/learningtouch.com/htdocs/lt/custom_courses/smacna sound_2_7.swf
102.02.18 13:57 B C:\WINDOWS\Desktop\confidential\smacna\sound_2_6.swf --> www.learningtouch.com /home/learningtouch/learningtouch.com/htdocs/lt/custom_courses/smacna sound_2_6.swf
102.02.18 13:57 B C:\WINDOWS\Desktop\confidential\smacna\sound_2_5.swf --> www.learningtouch.com /home/learningtouch/learningtouch.com/htdocs/lt/custom_courses/smacna sound_2_5.swf
102.02.18 13:58 B C:\WINDOWS\Desktop\confidential\smacna\sound_2_4.swf --> www.learningtouch.com /home/learningtouch/learningtouch.com/htdocs/lt/custom_courses/smacna sound_2_4.swf
102.02.18 13:58 B C:\WINDOWS\Desktop\confidential\smacna\sound_2_3.swf --> www.learningtouch.com /home/learningtouch/learningtouch.com/htdocs/lt/custom_courses/smacna sound_2_3.swf
102.02.18 13:58 B C:\WINDOWS\Desktop\confidential\smacna\sound_2_2.swf --> www.learningtouch.com /home/learningtouch/learningtouch.com/htdocs/lt/custom_courses/smacna sound_2_2.swf
102.02.18 13:59 B C:\WINDOWS\Desktop\confidential\smacna\sound_2_1.swf --> www.learningtouch.com /home/learningtouch/learningtouch.com/htdocs/lt/custom_courses/smacna sound_2_1.swf
102.02.18 13:59 B C:\WINDOWS\Desktop\confidential\smacna\sound_1_2.swf --> www.learningtouch.com /home/learningtouch/learningtouch.com/htdocs/lt/custom_courses/smacna sound_1_2.swf
102.02.18 13:59 B C:\WINDOWS\Desktop\confidential\smacna\sound_1_1.swf --> www.learningtouch.com /home/learningtouch/learningtouch.com/htdocs/lt/custom_courses/smacna sound_1_1.swf
102.02.18 13:59 B C:\WINDOWS\Desktop\confidential\smacna\orientation2.swf --> www.learningtouch.com /home/learningtouch/learningtouch.com/htdocs/lt/custom_courses/smacna orientation2.swf
102.02.18 13:59 B C:\WINDOWS\Desktop\confidential\smacna\orientation1.swf --> www.learningtouch.com /home/learningtouch/learningtouch.com/htdocs/lt/custom_courses/smacna orientation1.swf
102.02.18 13:59 B C:\WINDOWS\Desktop\confidential\smacna\orientation.swf --> www.learningtouch.com /home/learningtouch/learningtouch.com/htdocs/lt/custom_courses/smacna orientation.swf
102.02.18 13:59 B C:\WINDOWS\Desktop\confidential\smacna\loading.swf --> www.learningtouch.com /home/learningtouch/learningtouch.com/htdocs/lt/custom_courses/smacna loading.swf
102.02.18 13:59 B C:\WINDOWS\Desktop\confidential\smacna\index.html --> www.learningtouch.com /home/learningtouch/learningtouch.com/htdocs/lt/custom_courses/smacna index.html
102.02.18 14:00 B C:\WINDOWS\Desktop\confidential\smacna\hl.swf --> www.learningtouch.com /home/learningtouch/learningtouch.com/htdocs/lt/custom_courses/smacna hl.swf
102.02.18 14:00 B C:\WINDOWS\Desktop\confidential\smacna\history.html --> www.learningtouch.com /home/learningtouch/learningtouch.com/htdocs/lt/custom_courses/smacna history.html
102.02.18 14:00 B C:\WINDOWS\Desktop\confidential\smacna\help.html --> www.learningtouch.com /home/learningtouch/learningtouch.com/htdocs/lt/custom_courses/smacna help.html
102.02.18 14:00 B C:\WINDOWS\Desktop\confidential\smacna\flowchart7.swf --> www.learningtouch.com /home/learningtouch/learningtouch.com/htdocs/lt/custom_courses/smacna flowchart7.swf
102.02.18 14:00 B C:\WINDOWS\Desktop\confidential\smacna\flowchart6.swf --> www.learningtouch.com /home/learningtouch/learningtouch.com/htdocs/lt/custom_courses/smacna flowchart6.swf
102.02.18 14:00 B C:\WINDOWS\Desktop\confidential\smacna\flowchart5.swf --> www.learningtouch.com /home/learningtouch/learningtouch.com/htdocs/lt/custom_courses/smacna flowchart5.swf
102.02.18 14:00 B C:\WINDOWS\Desktop\confidential\smacna\flowchart4.swf --> www.learningtouch.com /home/learningtouch/learningtouch.com/htdocs/lt/custom_courses/smacna flowchart4.swf
102.02.18 14:00 B C:\WINDOWS\Desktop\confidential\smacna\flowchart3.swf --> www.learningtouch.com /home/learningtouch/learningtouch.com/htdocs/lt/custom_courses/smacna flowchart3.swf
102.02.18 14:00 B C:\WINDOWS\Desktop\confidential\smacna\flowchart2.swf --> www.learningtouch.com /home/learningtouch/learningtouch.com/htdocs/lt/custom_courses/smacna flowchart2.swf
102.02.18 14:01 B C:\WINDOWS\Desktop\confidential\smacna\flowchart.swf --> www.learningtouch.com /home/learningtouch/learningtouch.com/htdocs/lt/custom_courses/smacna flowchart.swf
102.02.18 14:01 B C:\WINDOWS\Desktop\confidential\smacna\em2.swf --> www.learningtouch.com /home/learningtouch/learningtouch.com/htdocs/lt/custom_courses/smacna em2.swf
102.02.18 14:01 B C:\WINDOWS\Desktop\confidential\smacna\em1.swf --> www.learningtouch.com /home/learningtouch/learningtouch.com/htdocs/lt/custom_courses/smacna em1.swf
102.02.18 14:01 B C:\WINDOWS\Desktop\confidential\smacna\e2.swf --> www.learningtouch.com /home/learningtouch/learningtouch.com/htdocs/lt/custom_courses/smacna e2.swf
102.02.18 14:01 B C:\WINDOWS\Desktop\confidential\smacna\e1.swf --> www.learningtouch.com /home/learningtouch/learningtouch.com/htdocs/lt/custom_courses/smacna e1.swf
102.02.18 14:01 B C:\WINDOWS\Desktop\confidential\smacna\content.swf --> www.learningtouch.com /home/learningtouch/learningtouch.com/htdocs/lt/custom_courses/smacna content.swf
102.02.18 14:01 B C:\WINDOWS\Desktop\confidential\smacna\6.1.txt --> www.learningtouch.com /home/learningtouch/learningtouch.com/htdocs/lt/custom_courses/smacna 6.1.txt
102.02.18 14:01 B C:\WINDOWS\Desktop\confidential\smacna\5.9.txt --> www.learningtouch.com /home/learningtouch/learningtouch.com/htdocs/lt/custom_courses/smacna 5.9.txt
102.02.18 14:01 B C:\WINDOWS\Desktop\confidential\smacna\5.8.txt --> www.learningtouch.com /home/learningtouch/learningtouch.com/htdocs/lt/custom_courses/smacna 5.8.txt
102.02.18 14:01 B C:\WINDOWS\Desktop\confidential\smacna\5.7.txt --> www.learningtouch.com /home/learningtouch/learningtouch.com/htdocs/lt/custom_courses/smacna 5.7.txt
102.02.18 14:01 B C:\WINDOWS\Desktop\confidential\smacna\5.6.txt --> www.learningtouch.com /home/learningtouch/learningtouch.com/htdocs/lt/custom_courses/smacna 5.6.txt
102.02.18 14:01 B C:\WINDOWS\Desktop\confidential\smacna\5.5.txt --> www.learningtouch.com /home/learningtouch/learningtouch.com/htdocs/lt/custom_courses/smacna 5.5.txt
102.02.18 14:01 B C:\WINDOWS\Desktop\confidential\smacna\5.4.txt --> www.learningtouch.com /home/learningtouch/learningtouch.com/htdocs/lt/custom_courses/smacna 5.4.txt
102.02.18 14:01 B C:\WINDOWS\Desktop\confidential\smacna\5.3.txt --> www.learningtouch.com /home/learningtouch/learningtouch.com/htdocs/lt/custom_courses/smacna 5.3.txt
102.02.18 14:01 B C:\WINDOWS\Desktop\confidential\smacna\5.2.swf --> www.learningtouch.com /home/learningtouch/learningtouch.com/htdocs/lt/custom_courses/smacna 5.2.swf
102.02.18 14:01 B C:\WINDOWS\Desktop\confidential\smacna\5.10.txt --> www.learningtouch.com /home/learningtouch/learningtouch.com/htdocs/lt/custom_courses/smacna 5.10.txt
102.02.18 14:01 B C:\WINDOWS\Desktop\confidential\smacna\5.1.txt --> www.learningtouch.com /home/learningtouch/learningtouch.com/htdocs/lt/custom_courses/smacna 5.1.txt
102.02.18 14:02 B C:\WINDOWS\Desktop\confidential\smacna\4.9.swf --> www.learningtouch.com /home/learningtouch/learningtouch.com/htdocs/lt/custom_courses/smacna 4.9.swf
102.02.18 14:02 B C:\WINDOWS\Desktop\confidential\smacna\4.8.swf --> www.learningtouch.com /home/learningtouch/learningtouch.com/htdocs/lt/custom_courses/smacna 4.8.swf
102.02.18 14:02 B C:\WINDOWS\Desktop\confidential\smacna\4.7.swf --> www.learningtouch.com /home/learningtouch/learningtouch.com/htdocs/lt/custom_courses/smacna 4.7.swf
102.02.18 14:02 B C:\WINDOWS\Desktop\confidential\smacna\4.6.txt --> www.learningtouch.com /home/learningtouch/learningtouch.com/htdocs/lt/custom_courses/smacna 4.6.txt
102.02.18 14:02 B C:\WINDOWS\Desktop\confidential\smacna\4.5.swf --> www.learningtouch.com /home/learningtouch/learningtouch.com/htdocs/lt/custom_courses/smacna 4.5.swf
102.02.18 14:02 B C:\WINDOWS\Desktop\confidential\smacna\4.4.swf --> www.learningtouch.com /home/learningtouch/learningtouch.com/htdocs/lt/custom_courses/smacna 4.4.swf
102.02.18 14:02 B C:\WINDOWS\Desktop\confidential\smacna\4.3.swf --> www.learningtouch.com /home/learningtouch/learningtouch.com/htdocs/lt/custom_courses/smacna 4.3.swf
102.02.18 14:02 B C:\WINDOWS\Desktop\confidential\smacna\4.2.swf --> www.learningtouch.com /home/learningtouch/learningtouch.com/htdocs/lt/custom_courses/smacna 4.2.swf
102.02.18 14:02 B C:\WINDOWS\Desktop\confidential\smacna\4.17.txt --> www.learningtouch.com /home/learningtouch/learningtouch.com/htdocs/lt/custom_courses/smacna 4.17.txt
102.02.18 14:02 B C:\WINDOWS\Desktop\confidential\smacna\4.16.txt --> www.learningtouch.com /home/learningtouch/learningtouch.com/htdocs/lt/custom_courses/smacna 4.16.txt
102.02.18 14:02 B C:\WINDOWS\Desktop\confidential\smacna\4.15.txt --> www.learningtouch.com /home/learningtouch/learningtouch.com/htdocs/lt/custom_courses/smacna 4.15.txt
102.02.18 14:03 B C:\WINDOWS\Desktop\confidential\smacna\4.14.swf --> www.learningtouch.com /home/learningtouch/learningtouch.com/htdocs/lt/custom_courses/smacna 4.14.swf
102.02.18 14:03 B C:\WINDOWS\Desktop\confidential\smacna\4.13.txt --> www.learningtouch.com /home/learningtouch/learningtouch.com/htdocs/lt/custom_courses/smacna 4.13.txt
102.02.18 14:03 B C:\WINDOWS\Desktop\confidential\smacna\4.12.txt --> www.learningtouch.com /home/learningtouch/learningtouch.com/htdocs/lt/custom_courses/smacna 4.12.txt
102.02.18 14:03 B C:\WINDOWS\Desktop\confidential\smacna\4.11.swf --> www.learningtouch.com /home/learningtouch/learningtouch.com/htdocs/lt/custom_courses/smacna 4.11.swf
102.02.18 14:03 B C:\WINDOWS\Desktop\confidential\smacna\4.10.swf --> www.learningtouch.com /home/learningtouch/learningtouch.com/htdocs/lt/custom_courses/smacna 4.10.swf
102.02.18 14:03 B C:\WINDOWS\Desktop\confidential\smacna\4.1.swf --> www.learningtouch.com /home/learningtouch/learningtouch.com/htdocs/lt/custom_courses/smacna 4.1.swf
102.02.18 14:03 B C:\WINDOWS\Desktop\confidential\smacna\3.8.txt --> www.learningtouch.com /home/learningtouch/learningtouch.com/htdocs/lt/custom_courses/smacna 3.8.txt
102.02.18 14:03 B C:\WINDOWS\Desktop\confidential\smacna\3.12.txt --> www.learningtouch.com /home/learningtouch/learningtouch.com/htdocs/lt/custom_courses/smacna 3.12.txt
102.02.18 14:03 B C:\WINDOWS\Desktop\confidential\smacna\3.11.txt --> www.learningtouch.com /home/learningtouch/learningtouch.com/htdocs/lt/custom_courses/smacna 3.11.txt
102.02.18 14:03 B C:\WINDOWS\Desktop\confidential\smacna\3.10.txt --> www.learningtouch.com /home/learningtouch/learningtouch.com/htdocs/lt/custom_courses/smacna 3.10.txt
102.02.18 14:03 B C:\WINDOWS\Desktop\confidential\smacna\3.10.swf --> www.learningtouch.com /home/learningtouch/learningtouch.com/htdocs/lt/custom_courses/smacna 3.10.swf
102.02.18 14:03 B C:\WINDOWS\Desktop\confidential\smacna\3.1.txt --> www.learningtouch.com /home/learningtouch/learningtouch.com/htdocs/lt/custom_courses/smacna 3.1.txt
102.02.18 14:03 B C:\WINDOWS\Desktop\confidential\smacna\2.9.txt --> www.learningtouch.com /home/learningtouch/learningtouch.com/htdocs/lt/custom_courses/smacna 2.9.txt
102.02.18 14:03 B C:\WINDOWS\Desktop\confidential\smacna\2.8.txt --> www.learningtouch.com /home/learningtouch/learningtouch.com/htdocs/lt/custom_courses/smacna 2.8.txt
102.02.18 14:03 B C:\WINDOWS\Desktop\confidential\smacna\2.7.txt --> www.learningtouch.com /home/learningtouch/learningtouch.com/htdocs/lt/custom_courses/smacna 2.7.txt
102.02.18 14:03 B C:\WINDOWS\Desktop\confidential\smacna\2.6.txt --> www.learningtouch.com /home/learningtouch/learningtouch.com/htdocs/lt/custom_courses/smacna 2.6.txt
102.02.18 14:03 B C:\WINDOWS\Desktop\confidential\smacna\2.5.txt --> www.learningtouch.com /home/learningtouch/learningtouch.com/htdocs/lt/custom_courses/smacna 2.5.txt
102.02.18 14:03 B C:\WINDOWS\Desktop\confidential\smacna\2.4.txt --> www.learningtouch.com /home/learningtouch/learningtouch.com/htdocs/lt/custom_courses/smacna 2.4.txt
102.02.18 14:03 B C:\WINDOWS\Desktop\confidential\smacna\2.3.txt --> www.learningtouch.com /home/learningtouch/learningtouch.com/htdocs/lt/custom_courses/smacna 2.3.txt
102.02.18 14:03 B C:\WINDOWS\Desktop\confidential\smacna\2.2.txt --> www.learningtouch.com /home/learningtouch/learningtouch.com/htdocs/lt/custom_courses/smacna 2.2.txt
102.02.18 14:04 B C:\WINDOWS\Desktop\confidential\smacna\2.2.swf --> www.learningtouch.com /home/learningtouch/learningtouch.com/htdocs/lt/custom_courses/smacna 2.2.swf
102.02.18 14:04 B C:\WINDOWS\Desktop\confidential\smacna\2.11.txt --> www.learningtouch.com /home/learningtouch/learningtouch.com/htdocs/lt/custom_courses/smacna 2.11.txt
102.02.18 14:04 B C:\WINDOWS\Desktop\confidential\smacna\2.10.txt --> www.learningtouch.com /home/learningtouch/learningtouch.com/htdocs/lt/custom_courses/smacna 2.10.txt
102.02.18 14:04 B C:\WINDOWS\Desktop\confidential\smacna\2.1.txt --> www.learningtouch.com /home/learningtouch/learningtouch.com/htdocs/lt/custom_courses/smacna 2.1.txt
102.02.20 18:59 B C:\WINDOWS\Desktop\confidential\smacna\rtemplate.swf --> www.learningtouch.com /home/learningtouch/learningtouch.com/htdocs/lt/custom_courses/smacna rtemplate.swf
102.02.20 18:59 B C:\WINDOWS\Desktop\confidential\smacna\template.html --> www.learningtouch.com /home/learningtouch/learningtouch.com/htdocs/lt/custom_courses/smacna template.html
102.02.21 00:26 B C:\WINDOWS\Desktop\confidential\smacna\template.html --> www.learningtouch.com /home/learningtouch/learningtouch.com/htdocs/lt/custom_courses/smacna template.html
102.02.21 00:35 B C:\WINDOWS\Desktop\confidential\smacna\rtemplate.swf --> www.learningtouch.com /home/learningtouch/learningtouch.com/htdocs/lt/custom_courses/smacna rtemplate.swf
102.03.06 18:44 B C:\WINDOWS\Desktop\confidential\courses\custom\smacna\template.html <-- learningtouch /home/learningtouch/learningtouch.com/htdocs/lt/custom_courses/smacna template.html
102.03.06 18:44 B C:\WINDOWS\Desktop\confidential\courses\custom\smacna\template.swf <-- learningtouch /home/learningtouch/learningtouch.com/htdocs/lt/custom_courses/smacna template.swf
102.03.18 12:43 B C:\WINDOWS\Desktop\confidential\courses\custom\smacna\template.html <-- learningtouch /home/learningtouch/learningtouch.com/htdocs/ltu/courses/custom/smacna template.html
102.03.18 12:47 B C:\WINDOWS\Desktop\confidential\courses\custom\smacna\rtemplate.swf <-- learningtouch /home/learningtouch/learningtouch.com/htdocs/ltu/courses/custom/smacna rtemplate.swf
